2026-03-08 12:58:23,340 [INFO] ==================================================
2026-03-08 12:58:23,340 [INFO] BOT DÉMARRÉ - EMA Crossover + RSI
2026-03-08 12:58:23,340 [INFO] ==================================================
2026-03-08 12:58:30,465 [INFO] Connecté | Compte: 24341433 | Balance: 1000.0 USD | Serveur: VantageInternational-Demo
2026-03-08 12:58:30,466 [INFO] Balance: 1000.0 | Trades ouverts: 0/3
2026-03-08 12:58:31,051 [INFO] EURUSD | EMA(1.16092/1.16030) | RSI: 60.2 | Signal: AUCUN
2026-03-08 12:58:33,525 [INFO] GBPUSD | EMA(1.33948/1.33880) | RSI: 62.2 | Signal: AUCUN
2026-03-08 12:58:35,207 [INFO] USDJPY | EMA(157.82526/157.80578) | RSI: 48.5 | Signal: AUCUN
2026-03-08 12:58:35,963 [INFO] XAUUSD | EMA(4315.67564/4318.33787) | RSI: 49.3 | Signal: AUCUN
2026-03-08 12:59:35,966 [INFO] Balance: 1000.0 | Trades ouverts: 0/3
2026-03-08 12:59:35,973 [INFO] EURUSD | EMA(1.16092/1.16030) | RSI: 60.2 | Signal: AUCUN
2026-03-08 12:59:35,976 [INFO] GBPUSD | EMA(1.33948/1.33880) | RSI: 62.2 | Signal: AUCUN
2026-03-08 12:59:35,979 [INFO] USDJPY | EMA(157.82526/157.80578) | RSI: 48.5 | Signal: AUCUN
2026-03-08 12:59:35,982 [INFO] XAUUSD | EMA(5164.52444/5155.31328) | RSI: 64.4 | Signal: AUCUN
2026-03-08 13:01:16,961 [INFO] ==================================================
2026-03-08 13:01:16,961 [INFO] BOT DÉMARRÉ - EMA Crossover + RSI
2026-03-08 13:01:16,962 [INFO] ==================================================
2026-03-08 13:01:16,974 [INFO] Connecté | Compte: 24341433 | Balance: 1000.0 USD | Serveur: VantageInternational-Demo
2026-03-08 13:01:16,974 [INFO] Balance: 1000.0 | Trades ouverts: 0/1
2026-03-08 13:01:17,498 [INFO] BTCUSD | EMA(67266.46581/67440.18800) | RSI: 48.8 | Signal: AUCUN
2026-03-08 13:02:17,500 [INFO] Balance: 1000.0 | Trades ouverts: 0/1
2026-03-08 13:02:17,510 [INFO] BTCUSD | EMA(67268.81581/67441.25618) | RSI: 49.1 | Signal: AUCUN
2026-03-08 13:03:17,511 [INFO] Balance: 1000.0 | Trades ouverts: 0/1
2026-03-08 13:03:17,515 [INFO] BTCUSD | EMA(67278.20181/67445.52254) | RSI: 50.0 | Signal: AUCUN
2026-03-08 13:04:17,517 [INFO] Balance: 1000.0 | Trades ouverts: 0/1
2026-03-08 13:04:17,524 [INFO] BTCUSD | EMA(67279.91981/67446.30345) | RSI: 50.1 | Signal: AUCUN
2026-03-08 13:05:01,578 [INFO] ==================================================
2026-03-08 13:05:01,578 [INFO] BOT DÉMARRÉ - EMA Crossover + RSI
2026-03-08 13:05:01,578 [INFO] ==================================================
2026-03-08 13:05:01,589 [INFO] Connecté | Compte: 24341433 | Balance: 1000.0 USD | Serveur: VantageInternational-Demo
2026-03-08 13:05:01,589 [INFO] Balance: 1000.0 | Trades ouverts: 0/1
2026-03-08 13:05:01,613 [ERROR] Erreur: 'ema_fast'
Traceback (most recent call last):
  File "C:\Users\BelhassenM'BARKI\.local\bin\trading_bot\bot.py", line 133, in run
    f"{symbol} | EMA({result['ema_fast']:.5f}/{result['ema_slow']:.5f}) "
                      ~~~~~~^^^^^^^^^^^^
KeyError: 'ema_fast'
2026-03-08 13:05:18,853 [INFO] ==================================================
2026-03-08 13:05:18,853 [INFO] BOT DÉMARRÉ - EMA Crossover + RSI
2026-03-08 13:05:18,853 [INFO] ==================================================
2026-03-08 13:05:18,866 [INFO] Connecté | Compte: 24341433 | Balance: 1000.0 USD | Serveur: VantageInternational-Demo
2026-03-08 13:05:18,866 [INFO] Balance: 1000.0 | Trades ouverts: 0/1
2026-03-08 13:05:18,876 [ERROR] Erreur: 'ema_fast'
Traceback (most recent call last):
  File "C:\Users\BelhassenM'BARKI\.local\bin\trading_bot\bot.py", line 133, in run
    f"{symbol} | EMA({result['ema_fast']:.5f}/{result['ema_slow']:.5f}) "
                      ~~~~~~^^^^^^^^^^^^
KeyError: 'ema_fast'
2026-03-08 13:05:50,858 [INFO] ==================================================
2026-03-08 13:05:50,858 [INFO] BOT DÉMARRÉ - SMC Scalping (BOS + Order Block + FVG)
2026-03-08 13:05:50,858 [INFO] ==================================================
2026-03-08 13:05:50,870 [INFO] Connecté | Compte: 24341433 | Balance: 1000.0 USD | Serveur: VantageInternational-Demo
2026-03-08 13:05:50,870 [INFO] Balance: 1000.0 | Trades ouverts: 0/1
2026-03-08 13:05:50,880 [INFO] BTCUSD | Structure: NEUTRE | Prix: 67579.60 | ATR: 125.24 | Signal: AUCUN
2026-03-08 13:06:50,881 [INFO] Balance: 1000.0 | Trades ouverts: 0/1
2026-03-08 13:06:50,890 [INFO] BTCUSD | Structure: NEUTRE | Prix: 67517.31 | ATR: 129.63 | Signal: AUCUN
2026-03-08 13:07:50,892 [INFO] Balance: 1000.0 | Trades ouverts: 0/1
2026-03-08 13:07:50,904 [INFO] BTCUSD | Structure: NEUTRE | Prix: 67512.98 | ATR: 130.98 | Signal: AUCUN
2026-03-08 13:08:50,906 [INFO] Balance: 1000.0 | Trades ouverts: 0/1
2026-03-08 13:08:50,918 [INFO] BTCUSD | Structure: NEUTRE | Prix: 67481.42 | ATR: 132.47 | Signal: AUCUN
2026-03-08 13:09:50,920 [INFO] Balance: 1000.0 | Trades ouverts: 0/1
2026-03-08 13:09:50,953 [INFO] BTCUSD | Structure: BEARISH | Prix: 67250.12 | ATR: 148.53 | Signal: AUCUN
2026-03-08 13:10:50,955 [INFO] Balance: 1000.0 | Trades ouverts: 0/1
2026-03-08 13:10:50,974 [INFO] BTCUSD | Structure: BEARISH | Prix: 67286.97 | ATR: 147.59 | Signal: AUCUN
2026-03-08 13:11:50,975 [INFO] Balance: 1000.0 | Trades ouverts: 0/1
2026-03-08 13:11:50,994 [INFO] BTCUSD | Structure: BEARISH | Prix: 67280.66 | ATR: 147.59 | Signal: AUCUN
2026-03-08 13:12:50,996 [INFO] Balance: 1000.0 | Trades ouverts: 0/1
2026-03-08 13:12:51,014 [INFO] BTCUSD | Structure: BEARISH | Prix: 67202.83 | ATR: 152.09 | Signal: AUCUN
2026-03-08 13:13:51,016 [INFO] Balance: 1000.0 | Trades ouverts: 0/1
2026-03-08 13:13:51,044 [INFO] BTCUSD | Structure: BEARISH | Prix: 67018.92 | ATR: 163.80 | Signal: AUCUN
2026-03-08 13:14:51,044 [INFO] Balance: 1000.0 | Trades ouverts: 0/1
2026-03-08 13:14:51,062 [INFO] BTCUSD | Structure: BEARISH | Prix: 67029.99 | ATR: 165.95 | Signal: AUCUN
2026-03-08 13:15:51,063 [INFO] Balance: 1000.0 | Trades ouverts: 0/1
2026-03-08 13:15:51,082 [INFO] BTCUSD | Structure: BEARISH | Prix: 66945.61 | ATR: 165.07 | Signal: AUCUN
2026-03-08 13:16:51,084 [INFO] Balance: 1000.0 | Trades ouverts: 0/1
2026-03-08 13:16:51,105 [INFO] BTCUSD | Structure: BEARISH | Prix: 67000.48 | ATR: 169.25 | Signal: AUCUN
2026-03-08 13:17:51,107 [INFO] Balance: 1000.0 | Trades ouverts: 0/1
2026-03-08 13:17:51,130 [INFO] BTCUSD | Structure: BEARISH | Prix: 67043.85 | ATR: 169.25 | Signal: AUCUN
2026-03-08 13:18:51,131 [INFO] Balance: 1000.0 | Trades ouverts: 0/1
2026-03-08 13:18:51,157 [INFO] BTCUSD | Structure: BEARISH | Prix: 67108.04 | ATR: 171.78 | Signal: AUCUN
2026-03-08 13:19:51,159 [INFO] Balance: 1000.0 | Trades ouverts: 0/1
2026-03-08 13:19:51,173 [INFO] BTCUSD | Structure: BEARISH | Prix: 67138.02 | ATR: 173.24 | Signal: AUCUN
2026-03-08 13:20:51,174 [INFO] Balance: 1000.0 | Trades ouverts: 0/1
2026-03-08 13:20:51,194 [INFO] BTCUSD | Structure: BEARISH | Prix: 67290.13 | ATR: 172.11 | Signal: AUCUN
2026-03-08 13:21:51,196 [INFO] Balance: 1000.0 | Trades ouverts: 0/1
2026-03-08 13:21:51,210 [INFO] BTCUSD | Structure: BEARISH | Prix: 67260.16 | ATR: 172.11 | Signal: AUCUN
2026-03-08 13:22:51,210 [INFO] Balance: 1000.0 | Trades ouverts: 0/1
2026-03-08 13:22:51,222 [INFO] BTCUSD | Structure: BEARISH | Prix: 67282.40 | ATR: 172.11 | Signal: AUCUN
2026-03-08 13:23:51,224 [INFO] Balance: 1000.0 | Trades ouverts: 0/1
2026-03-08 13:23:51,238 [INFO] BTCUSD | Structure: BEARISH | Prix: 67298.05 | ATR: 173.21 | Signal: AUCUN
2026-03-08 13:23:56,273 [INFO] ============================================================
2026-03-08 13:23:56,274 [INFO] SMC SCALPING BOT  |  HTF Bias (H4+H1) + BOS + OB + FVG
2026-03-08 13:23:56,274 [INFO] ============================================================
2026-03-08 13:23:56,286 [INFO] Connecté | 24341433 | Balance: 1000.0 USD | VantageInternational-Demo
2026-03-08 13:24:56,862 [ERROR] Erreur: 'NoneType' object has no attribute 'balance'
Traceback (most recent call last):
  File "C:\Users\BelhassenM'BARKI\.local\bin\trading_bot\bot.py", line 134, in run
    balance = mt5.account_info().balance
              ^^^^^^^^^^^^^^^^^^^^^^^^^^
AttributeError: 'NoneType' object has no attribute 'balance'
2026-03-08 13:25:56,866 [ERROR] Erreur: 'NoneType' object has no attribute 'balance'
Traceback (most recent call last):
  File "C:\Users\BelhassenM'BARKI\.local\bin\trading_bot\bot.py", line 134, in run
    balance = mt5.account_info().balance
              ^^^^^^^^^^^^^^^^^^^^^^^^^^
AttributeError: 'NoneType' object has no attribute 'balance'
2026-03-08 13:25:58,282 [INFO] ============================================================
2026-03-08 13:25:58,283 [INFO] SMC SCALPING BOT  |  HTF Bias (H4+H1) + BOS + OB + FVG
2026-03-08 13:25:58,283 [INFO] ============================================================
2026-03-08 13:25:58,295 [INFO] Connecté | 24341433 | Balance: 1000.0 USD | VantageInternational-Demo
