2026-03-08 13:39:04,973 [INFO] ============================================================
2026-03-08 13:39:04,973 [INFO] ENGULFING SCALPING BOT  |  SL/TP 10% | Exit on Reversal
2026-03-08 13:39:04,974 [INFO] ============================================================
2026-03-08 13:39:04,987 [INFO] Connecté | 24341433 | Balance: 1000.0 USD
2026-03-08 13:39:04,988 [INFO] Risk/Trade: $100 | Target: $100
2026-03-08 13:39:04,989 [INFO] BTCUSD | Prix:67337.76 | Pas de signal
2026-03-08 13:39:34,994 [INFO] BTCUSD | Prix:67327.18 | Pas de signal
2026-03-08 13:40:04,998 [INFO] BTCUSD | Prix:67344.85 | Pas de signal
2026-03-08 13:40:35,003 [INFO] BTCUSD | Prix:67335.11 | Pas de signal
2026-03-08 13:41:05,004 [INFO] BTCUSD | Prix:67477.35 | Pas de signal
2026-03-08 13:41:35,009 [INFO] BTCUSD | Prix:67405.53 | Pas de signal
2026-03-08 13:42:05,012 [INFO] BTCUSD | Prix:67365.72 | Pas de signal
2026-03-08 13:42:35,016 [INFO] BTCUSD | Prix:67362.97 | Pas de signal
2026-03-08 13:43:05,021 [INFO] BTCUSD | Prix:67368.03 | Pas de signal
2026-03-08 13:43:35,026 [INFO] BTCUSD | Prix:67382.03 | Pas de signal
2026-03-08 13:44:05,030 [INFO] BTCUSD | Prix:67390.82 | Pas de signal
2026-03-08 13:44:35,034 [INFO] BTCUSD | Prix:67391.80 | Pas de signal
2026-03-08 13:45:05,038 [INFO] BTCUSD | Prix:67391.76 | Pas de signal
2026-03-08 13:45:35,043 [INFO] BTCUSD | Prix:67367.75 | Pas de signal
2026-03-08 13:46:05,045 [INFO] BTCUSD | Prix:67338.33 | Pas de signal
2026-03-08 13:46:35,050 [INFO] BTCUSD | Prix:67305.16 | Pas de signal
2026-03-08 13:47:05,053 [INFO] BTCUSD | Prix:67306.29 | Pas de signal
2026-03-08 13:47:35,055 [INFO] BTCUSD | Prix:67286.69 | Pas de signal
2026-03-08 13:48:05,057 [INFO] BTCUSD | Prix:67292.03 | Pas de signal
2026-03-08 13:48:35,061 [INFO] BTCUSD | Prix:67308.51 | Pas de signal
2026-03-08 13:49:05,065 [INFO] BTCUSD | Prix:67305.69 | Pas de signal
2026-03-08 13:49:35,067 [INFO] BTCUSD | Prix:67332.00 | Pas de signal
2026-03-08 13:50:05,073 [INFO] BTCUSD | Prix:67321.80 | Pas de signal
2026-03-08 13:50:35,079 [INFO] BTCUSD | Prix:67328.99 | Pas de signal
2026-03-08 13:51:05,082 [INFO] BTCUSD | Prix:67312.91 | Pas de signal
2026-03-08 13:51:35,085 [INFO] BTCUSD | Prix:67332.57 | Pas de signal
2026-03-08 13:52:05,090 [INFO] BTCUSD | Prix:67335.14 | Pas de signal
2026-03-08 13:52:35,092 [INFO] BTCUSD | Prix:67349.80 | Pas de signal
2026-03-08 13:53:05,097 [INFO] BTCUSD | Prix:67341.81 | Pas de signal
2026-03-08 13:53:35,101 [INFO] BTCUSD | Prix:67349.76 | Pas de signal
2026-03-08 13:54:05,104 [INFO] BTCUSD | Prix:67335.54 | Pas de signal
2026-03-08 13:54:35,107 [INFO] BTCUSD | Prix:67338.65 | Pas de signal
2026-03-08 13:55:05,109 [INFO] BTCUSD | Prix:67329.56 | Pas de signal
2026-03-08 13:55:35,113 [INFO] BTCUSD | Prix:67317.66 | Pas de signal
2026-03-08 13:56:05,116 [INFO] BTCUSD | Prix:67314.46 | Pas de signal
2026-03-08 13:56:35,119 [INFO] BTCUSD | Prix:67303.08 | Pas de signal
2026-03-08 13:57:05,122 [INFO] BTCUSD | Prix:67302.39 | Pas de signal
2026-03-08 13:57:35,125 [INFO] BTCUSD | Prix:67306.01 | Pas de signal
2026-03-08 13:58:05,128 [INFO] BTCUSD | Prix:67296.28 | Pas de signal
2026-03-08 13:58:35,133 [INFO] BTCUSD | Prix:67310.05 | Pas de signal
2026-03-08 13:59:05,138 [INFO] BTCUSD | Prix:67318.39 | Pas de signal
2026-03-08 13:59:35,143 [INFO] BTCUSD | Prix:67311.64 | Pas de signal
2026-03-08 14:00:05,148 [INFO] BTCUSD | Prix:67334.37 | Pas de signal
2026-03-08 14:00:35,153 [INFO] BTCUSD | Prix:67338.88 | Pas de signal
2026-03-08 14:01:05,155 [INFO] BTCUSD | Prix:67342.53 | Pas de signal
2026-03-08 14:01:35,158 [INFO] BTCUSD | Prix:67339.87 | Pas de signal
2026-03-08 14:02:05,163 [INFO] BTCUSD | Prix:67328.82 | Pas de signal
2026-03-08 14:02:35,167 [INFO] BTCUSD | Prix:67351.37 | Pas de signal
2026-03-08 14:03:05,172 [INFO] BTCUSD | Prix:67372.41 | Pas de signal
2026-03-08 14:03:35,176 [INFO] BTCUSD | Prix:67364.73 | Pas de signal
2026-03-08 14:04:05,181 [INFO] BTCUSD | Prix:67321.82 | Pas de signal
2026-03-08 14:04:35,184 [INFO] BTCUSD | Prix:67260.61 | Pas de signal
2026-03-08 14:05:05,188 [INFO] BTCUSD | Prix:67291.67 | Pas de signal
2026-03-08 14:05:35,192 [INFO] BTCUSD | Prix:67225.32 | Pas de signal
2026-03-08 14:06:05,197 [INFO] BTCUSD | Prix:67244.97 | Pas de signal
2026-03-08 14:06:35,203 [INFO] BTCUSD | Prix:67229.44 | Pas de signal
2026-03-08 14:07:05,205 [INFO] BTCUSD | Prix:67253.73 | Pas de signal
2026-03-08 14:07:35,207 [INFO] BTCUSD | Prix:67264.79 | Pas de signal
2026-03-08 14:08:05,212 [INFO] BTCUSD | Prix:67266.68 | Pas de signal
2026-03-08 14:08:35,215 [INFO] BTCUSD | Prix:67259.10 | Pas de signal
2026-03-08 14:09:05,219 [INFO] BTCUSD | Prix:67238.73 | Pas de signal
2026-03-08 14:09:35,224 [INFO] BTCUSD | Prix:67271.09 | Pas de signal
2026-03-08 14:10:05,228 [INFO] BTCUSD | Prix:67246.48 | Pas de signal
2026-03-08 14:10:35,233 [INFO] BTCUSD | Prix:67261.72 | Pas de signal
2026-03-08 14:11:05,235 [INFO] BTCUSD | Prix:67270.46 | Pas de signal
2026-03-08 14:11:35,240 [INFO] BTCUSD | Prix:67272.55 | Pas de signal
2026-03-08 14:12:05,243 [INFO] BTCUSD | Prix:67280.50 | Pas de signal
2026-03-08 14:12:35,246 [INFO] BTCUSD | Prix:67256.12 | Pas de signal
2026-03-08 14:13:05,250 [INFO] BTCUSD | Prix:67064.98 | Pas de signal
2026-03-08 14:13:35,252 [INFO] BTCUSD | Prix:67011.28 | Pas de signal
2026-03-08 14:14:05,255 [INFO] BTCUSD | Prix:67036.94 | Pas de signal
2026-03-08 14:14:35,257 [INFO] BTCUSD | Prix:67074.48 | Pas de signal
2026-03-08 14:15:05,259 [INFO] BTCUSD | Prix:67013.83 | Pas de signal
2026-03-08 14:15:35,263 [INFO] BTCUSD | Prix:66995.15 | Pas de signal
2026-03-08 14:16:05,267 [INFO] BTCUSD | Prix:67027.46 | Pas de signal
2026-03-08 14:16:35,269 [INFO] BTCUSD | Prix:67055.41 | Pas de signal
2026-03-08 14:17:05,272 [INFO] BTCUSD | Prix:67074.19 | Pas de signal
2026-03-08 14:17:35,274 [INFO] BTCUSD | Prix:67064.58 | Pas de signal
2026-03-08 14:18:05,277 [INFO] BTCUSD | Prix:67075.29 | Pas de signal
2026-03-08 14:18:35,281 [INFO] BTCUSD | Prix:67092.45 | Pas de signal
2026-03-08 14:19:05,284 [INFO] BTCUSD | Prix:67085.62 | Pas de signal
2026-03-08 14:19:35,286 [INFO] BTCUSD | Prix:67092.25 | Pas de signal
2026-03-08 14:20:05,289 [INFO] BTCUSD | Prix:67082.96 | Pas de signal
2026-03-08 14:20:35,291 [INFO] BTCUSD | Prix:67076.90 | Pas de signal
2026-03-08 14:21:05,296 [INFO] BTCUSD | Prix:67103.22 | Pas de signal
2026-03-08 14:21:35,299 [INFO] BTCUSD | Prix:67112.54 | Pas de signal
2026-03-08 14:22:05,304 [INFO] BTCUSD | Prix:67101.97 | Pas de signal
2026-03-08 14:22:35,306 [INFO] BTCUSD | Prix:67112.62 | Pas de signal
2026-03-08 14:23:05,309 [INFO] BTCUSD | Prix:67084.11 | Pas de signal
2026-03-08 14:23:35,312 [INFO] BTCUSD | Prix:67074.25 | Pas de signal
2026-03-08 14:24:05,315 [INFO] BTCUSD | Prix:67041.18 | Pas de signal
2026-03-08 14:24:35,319 [INFO] BTCUSD | Prix:66996.77 | Pas de signal
2026-03-08 14:25:05,325 [INFO] BTCUSD | Prix:66933.99 | Pas de signal
2026-03-08 14:25:35,327 [INFO] BTCUSD | Prix:66826.65 | Pas de signal
2026-03-08 14:25:53,711 [INFO] ============================================================
2026-03-08 14:25:53,711 [INFO] ENGULFING SCALPING BOT  |  SL/TP 10% | Exit on Reversal
2026-03-08 14:25:53,711 [INFO] ============================================================
2026-03-08 14:25:53,794 [INFO] Connecté | 24341433 | Balance: 1000.0 USD
2026-03-08 14:25:53,795 [INFO] Risk/Trade: $100 | Target: $100
2026-03-08 14:25:53,798 [INFO] BTCUSD | Prix:66913.31 | Pas de signal
2026-03-08 14:26:23,800 [INFO] BTCUSD | Prix:66939.00 | Pas de signal
2026-03-08 14:26:53,805 [INFO] BTCUSD | Prix:67053.63 | Pas de signal
2026-03-08 14:27:23,808 [INFO] BTCUSD | Prix:67161.55 | Pas de signal
2026-03-08 14:27:53,810 [INFO] BTCUSD | Prix:67175.40 | Pas de signal
2026-03-08 14:28:23,813 [INFO] BTCUSD | Prix:67153.77 | Pas de signal
2026-03-08 14:28:53,816 [INFO] BTCUSD | Prix:67139.45 | Pas de signal
2026-03-08 14:29:23,820 [INFO] BTCUSD | Prix:67151.26 | Pas de signal
2026-03-08 14:29:53,822 [INFO] BTCUSD | Prix:67153.83 | Pas de signal
2026-03-08 14:30:23,836 [INFO] BTCUSD | Engulfing BUY détecté | Prix:67139.16 | SL:66963.77 | TP:67314.55 | Lot:0.57
2026-03-08 14:30:23,837 [WARNING]   ORDRE ÉCHOUÉ | Code:10027 | AutoTrading disabled by client
2026-03-08 14:30:53,846 [INFO] BTCUSD | Engulfing BUY détecté | Prix:67109.28 | SL:66933.89 | TP:67284.67 | Lot:0.57
2026-03-08 14:30:53,847 [WARNING]   ORDRE ÉCHOUÉ | Code:10027 | AutoTrading disabled by client
2026-03-08 14:31:23,850 [INFO] BTCUSD | Engulfing BUY détecté | Prix:67084.69 | SL:66909.30 | TP:67260.08 | Lot:0.57
2026-03-08 14:31:23,851 [WARNING]   ORDRE ÉCHOUÉ | Code:10027 | AutoTrading disabled by client
2026-03-08 14:31:53,858 [INFO] BTCUSD | Engulfing BUY détecté | Prix:67079.55 | SL:66904.16 | TP:67254.94 | Lot:0.57
2026-03-08 14:31:53,859 [WARNING]   ORDRE ÉCHOUÉ | Code:10027 | AutoTrading disabled by client
2026-03-08 14:32:23,869 [INFO] BTCUSD | Engulfing BUY détecté | Prix:67074.78 | SL:66899.39 | TP:67250.17 | Lot:0.57
2026-03-08 14:32:23,971 [INFO]   ORDRE OK | BUY BTCUSD | Lot:0.57 | Prix:67091.74 | SL:66899.39 | TP:67250.17
2026-03-08 14:32:53,975 [INFO] BTCUSD | BUY actif | P&L: -15.25 USD | Prix:67064.98
2026-03-08 14:33:23,980 [INFO] BTCUSD | BUY actif | P&L: -43.04 USD | Prix:67016.22
2026-03-08 14:33:53,984 [INFO] BTCUSD | BUY actif | P&L: -65.83 USD | Prix:66976.24
2026-03-08 14:34:23,990 [INFO] BTCUSD | BUY actif | P&L: -54.12 USD | Prix:66996.79
2026-03-08 14:34:53,994 [INFO] BTCUSD | BUY actif | P&L: -54.19 USD | Prix:66996.67
2026-03-08 14:35:23,999 [INFO] BTCUSD | BUY actif | P&L: -30.81 USD | Prix:67037.69
2026-03-08 14:35:24,209 [INFO]   POSITION FERMÉE | P&L: -30.81 USD
2026-03-08 14:35:24,310 [INFO]   ORDRE OK | SELL BTCUSD | Lot:0.57 | Prix:67037.69 | SL:67213.91 | TP:66861.47
2026-03-08 14:35:54,313 [INFO] BTCUSD | SELL actif | P&L: -6.30 USD | Prix:67031.75
2026-03-08 14:36:24,317 [INFO] BTCUSD | SELL actif | P&L: -29.73 USD | Prix:67072.81
2026-03-08 14:36:54,319 [INFO] BTCUSD | SELL actif | P&L: -23.62 USD | Prix:67062.15
2026-03-08 14:37:24,320 [INFO] BTCUSD | SELL actif | P&L: -19.58 USD | Prix:67054.98
2026-03-08 14:37:54,322 [INFO] BTCUSD | SELL actif | P&L: -33.42 USD | Prix:67079.31
2026-03-08 14:38:24,323 [INFO] BTCUSD | SELL actif | P&L: -40.84 USD | Prix:67092.24
2026-03-08 14:38:54,326 [INFO] BTCUSD | SELL actif | P&L: -30.50 USD | Prix:67074.18
2026-03-08 14:39:24,329 [INFO] BTCUSD | SELL actif | P&L: -34.85 USD | Prix:67081.78
2026-03-08 14:39:54,331 [INFO] BTCUSD | SELL actif | P&L: -9.37 USD | Prix:67037.17
2026-03-08 14:40:24,337 [INFO] BTCUSD | SELL actif | P&L: +0.48 USD | Prix:67019.77
2026-03-08 14:40:54,341 [INFO] BTCUSD | SELL actif | P&L: -12.53 USD | Prix:67042.59
2026-03-08 14:41:24,345 [INFO] BTCUSD | SELL actif | P&L: +21.07 USD | Prix:66983.62
2026-03-08 14:41:54,348 [INFO] BTCUSD | SELL actif | P&L: +38.46 USD | Prix:66953.09
2026-03-08 14:42:24,351 [INFO] BTCUSD | SELL actif | P&L: +82.00 USD | Prix:66876.85
2026-03-08 14:42:49,674 [INFO] ============================================================
2026-03-08 14:42:49,674 [INFO] ENGULFING SCALPING BOT  |  SL/TP 10% | Exit on Reversal
2026-03-08 14:42:49,674 [INFO] ============================================================
2026-03-08 14:42:49,688 [INFO] ConnectĂ© | 24341433 | Balance: 1069.63 USD
2026-03-08 14:42:49,689 [INFO] Risk/Trade: $100 | Target: $100
2026-03-08 14:42:49,691 [INFO] BTCUSD | Prix:66908.20 | Trend:BEARISH | Cross:- | Engulf:- | Signal:AUCUN
2026-03-08 14:43:19,695 [INFO] BTCUSD | Prix:67003.30 | Trend:BEARISH | Cross:- | Engulf:- | Signal:AUCUN
2026-03-08 14:43:49,701 [INFO] BTCUSD | Prix:67032.35 | Trend:BEARISH | Cross:- | Engulf:- | Signal:AUCUN
2026-03-08 14:44:19,707 [INFO] BTCUSD | Prix:67042.90 | Trend:BEARISH | Cross:- | Engulf:- | Signal:AUCUN
2026-03-08 14:44:49,714 [INFO] BTCUSD | Prix:67050.12 | Trend:BEARISH | Cross:- | Engulf:- | Signal:AUCUN
2026-03-08 14:45:19,718 [INFO] BTCUSD | Prix:67070.51 | Trend:BEARISH | Cross:- | Engulf:- | Signal:AUCUN
2026-03-08 14:45:49,720 [INFO] BTCUSD | Prix:67056.39 | Trend:BEARISH | Cross:- | Engulf:- | Signal:AUCUN
2026-03-08 14:46:19,723 [INFO] BTCUSD | Prix:67075.63 | Trend:BEARISH | Cross:- | Engulf:- | Signal:AUCUN
2026-03-08 14:46:50,461 [INFO] ============================================================
2026-03-08 14:46:50,461 [INFO] ENGULFING SCALPING BOT  |  SL/TP 10% | Exit on Reversal
2026-03-08 14:46:50,462 [INFO] ============================================================
2026-03-08 14:46:50,474 [INFO] ConnectĂ© | 24341433 | Balance: 1069.63 USD
2026-03-08 14:46:50,475 [INFO] Risk/Trade: $100 | Target: $100
2026-03-08 14:46:50,478 [INFO] BTCUSD | Prix:67093.05 | SMA20:67316.28 SMA50:67254.01 | Trend:BULLISH | Cross:- | Engulf:- | Signal:AUCUN
2026-03-08 14:47:20,482 [INFO] BTCUSD | Prix:67075.16 | SMA20:67316.28 SMA50:67254.01 | Trend:BULLISH | Cross:- | Engulf:- | Signal:AUCUN
2026-03-08 14:47:50,490 [INFO] BTCUSD | Prix:67093.77 | SMA20:67316.28 SMA50:67254.01 | Trend:BULLISH | Cross:- | Engulf:- | Signal:AUCUN
2026-03-08 14:48:20,497 [INFO] BTCUSD | Prix:67131.20 | SMA20:67316.28 SMA50:67254.01 | Trend:BULLISH | Cross:- | Engulf:- | Signal:AUCUN
2026-03-08 14:48:50,503 [INFO] BTCUSD | Prix:67130.35 | SMA20:67316.28 SMA50:67254.01 | Trend:BULLISH | Cross:- | Engulf:- | Signal:AUCUN
2026-03-08 14:49:20,508 [INFO] BTCUSD | Prix:67163.93 | SMA20:67316.28 SMA50:67254.01 | Trend:BULLISH | Cross:- | Engulf:- | Signal:AUCUN
2026-03-08 14:49:50,512 [INFO] BTCUSD | Prix:67165.07 | SMA20:67316.28 SMA50:67254.01 | Trend:BULLISH | Cross:- | Engulf:- | Signal:AUCUN
2026-03-08 14:50:20,515 [INFO] BTCUSD | Prix:67139.36 | SMA20:67300.91 SMA50:67257.09 | Trend:BULLISH | Cross:- | Engulf:BUY | Signal:AUCUN
2026-03-08 14:50:39,111 [INFO] ============================================================
2026-03-08 14:50:39,112 [INFO] ENGULFING SCALPING BOT  |  SL/TP 10% | Exit on Reversal
2026-03-08 14:50:39,112 [INFO] ============================================================
2026-03-08 14:50:39,125 [INFO] ConnectĂ© | 24341433 | Balance: 1069.63 USD
2026-03-08 14:50:39,125 [INFO] Risk/Trade: $100 | Target: $100
2026-03-08 14:50:39,128 [INFO] BTCUSD | Prix:67130.12 | SMA20:67157.19 SMA50:67244.95 | Trend:BEARISH | Cross:- | Engulf:- | Signal:AUCUN
2026-03-08 14:51:09,134 [INFO] BTCUSD | Prix:67109.57 | SMA20:67157.19 SMA50:67244.95 | Trend:BEARISH | Cross:- | Engulf:- | Signal:AUCUN
2026-03-08 14:51:39,137 [INFO] BTCUSD | Prix:67162.11 | SMA20:67157.19 SMA50:67244.95 | Trend:BEARISH | Cross:- | Engulf:- | Signal:AUCUN
2026-03-08 14:52:09,142 [INFO] BTCUSD | Prix:67177.50 | SMA20:67157.19 SMA50:67244.95 | Trend:BEARISH | Cross:- | Engulf:- | Signal:AUCUN
2026-03-08 14:52:39,150 [INFO] BTCUSD | Prix:67186.60 | SMA20:67157.19 SMA50:67244.95 | Trend:BEARISH | Cross:- | Engulf:- | Signal:AUCUN
2026-03-08 14:53:09,153 [INFO] BTCUSD | Prix:67157.19 | SMA20:67157.19 SMA50:67244.95 | Trend:BEARISH | Cross:- | Engulf:- | Signal:AUCUN
2026-03-08 14:53:39,157 [INFO] BTCUSD | Prix:67164.10 | SMA20:67157.19 SMA50:67244.95 | Trend:BEARISH | Cross:- | Engulf:- | Signal:AUCUN
2026-03-08 14:54:09,159 [INFO] BTCUSD | Prix:67162.54 | SMA20:67157.19 SMA50:67244.95 | Trend:BEARISH | Cross:- | Engulf:- | Signal:AUCUN
2026-03-08 14:54:39,165 [INFO] BTCUSD | Prix:67173.73 | SMA20:67157.19 SMA50:67244.95 | Trend:BEARISH | Cross:- | Engulf:- | Signal:AUCUN
2026-03-08 14:55:09,169 [INFO] BTCUSD | Prix:67170.51 | SMA20:67157.19 SMA50:67244.95 | Trend:BEARISH | Cross:- | Engulf:- | Signal:AUCUN
2026-03-08 14:55:39,174 [INFO] BTCUSD | Prix:67214.49 | SMA20:67157.19 SMA50:67244.95 | Trend:BEARISH | Cross:- | Engulf:- | Signal:AUCUN
2026-03-08 14:56:09,177 [INFO] BTCUSD | Prix:67234.77 | SMA20:67157.19 SMA50:67244.95 | Trend:BEARISH | Cross:- | Engulf:- | Signal:AUCUN
2026-03-08 14:56:39,182 [INFO] BTCUSD | Prix:67217.85 | SMA20:67157.19 SMA50:67244.95 | Trend:BEARISH | Cross:- | Engulf:- | Signal:AUCUN
2026-03-08 14:57:09,185 [INFO] BTCUSD | Prix:67280.58 | SMA20:67157.19 SMA50:67244.95 | Trend:BEARISH | Cross:- | Engulf:- | Signal:AUCUN
2026-03-08 14:57:39,188 [INFO] BTCUSD | Prix:67273.07 | SMA20:67157.19 SMA50:67244.95 | Trend:BEARISH | Cross:- | Engulf:- | Signal:AUCUN
2026-03-08 14:58:09,192 [INFO] BTCUSD | Prix:67272.42 | SMA20:67157.19 SMA50:67244.95 | Trend:BEARISH | Cross:- | Engulf:- | Signal:AUCUN
2026-03-08 14:58:39,196 [INFO] BTCUSD | Prix:67246.77 | SMA20:67157.19 SMA50:67244.95 | Trend:BEARISH | Cross:- | Engulf:- | Signal:AUCUN
2026-03-08 14:59:09,202 [INFO] BTCUSD | Prix:67249.56 | SMA20:67157.19 SMA50:67244.95 | Trend:BEARISH | Cross:- | Engulf:- | Signal:AUCUN
2026-03-08 14:59:39,204 [INFO] BTCUSD | Prix:67249.77 | SMA20:67157.19 SMA50:67244.95 | Trend:BEARISH | Cross:- | Engulf:- | Signal:AUCUN
2026-03-08 15:00:09,208 [INFO] BTCUSD | Prix:67223.66 | SMA20:67166.11 SMA50:67240.37 | Trend:BEARISH | Cross:- | Engulf:BUY | Signal:AUCUN
2026-03-08 15:00:39,213 [INFO] BTCUSD | Prix:67242.78 | SMA20:67166.11 SMA50:67240.37 | Trend:BEARISH | Cross:- | Engulf:BUY | Signal:AUCUN
2026-03-08 15:01:09,216 [INFO] BTCUSD | Prix:67251.66 | SMA20:67166.11 SMA50:67240.37 | Trend:BEARISH | Cross:- | Engulf:BUY | Signal:AUCUN
2026-03-08 15:01:39,223 [INFO] BTCUSD | Prix:67255.33 | SMA20:67166.11 SMA50:67240.37 | Trend:BEARISH | Cross:- | Engulf:BUY | Signal:AUCUN
2026-03-08 15:02:09,229 [INFO] BTCUSD | Prix:67225.50 | SMA20:67166.11 SMA50:67240.37 | Trend:BEARISH | Cross:- | Engulf:BUY | Signal:AUCUN
2026-03-08 15:02:39,234 [INFO] BTCUSD | Prix:67197.21 | SMA20:67166.11 SMA50:67240.37 | Trend:BEARISH | Cross:- | Engulf:BUY | Signal:AUCUN
2026-03-08 15:03:09,239 [INFO] BTCUSD | Prix:67201.60 | SMA20:67166.11 SMA50:67240.37 | Trend:BEARISH | Cross:- | Engulf:BUY | Signal:AUCUN
2026-03-08 15:03:39,245 [INFO] BTCUSD | Prix:67203.55 | SMA20:67166.11 SMA50:67240.37 | Trend:BEARISH | Cross:- | Engulf:BUY | Signal:AUCUN
2026-03-08 15:04:09,250 [INFO] BTCUSD | Prix:67247.90 | SMA20:67166.11 SMA50:67240.37 | Trend:BEARISH | Cross:- | Engulf:BUY | Signal:AUCUN
2026-03-08 15:04:39,254 [INFO] BTCUSD | Prix:67277.63 | SMA20:67166.11 SMA50:67240.37 | Trend:BEARISH | Cross:- | Engulf:BUY | Signal:AUCUN
2026-03-08 15:05:09,257 [INFO] BTCUSD | Prix:67290.59 | SMA20:67166.11 SMA50:67240.37 | Trend:BEARISH | Cross:- | Engulf:BUY | Signal:AUCUN
2026-03-08 15:05:39,263 [INFO] BTCUSD | Prix:67316.37 | SMA20:67166.11 SMA50:67240.37 | Trend:BEARISH | Cross:- | Engulf:BUY | Signal:AUCUN
2026-03-08 15:06:09,268 [INFO] BTCUSD | Prix:67333.80 | SMA20:67166.11 SMA50:67240.37 | Trend:BEARISH | Cross:- | Engulf:BUY | Signal:AUCUN
2026-03-08 15:06:39,273 [INFO] BTCUSD | Prix:67364.72 | SMA20:67166.11 SMA50:67240.37 | Trend:BEARISH | Cross:- | Engulf:BUY | Signal:AUCUN
2026-03-08 15:07:09,279 [INFO] BTCUSD | Prix:67328.94 | SMA20:67166.11 SMA50:67240.37 | Trend:BEARISH | Cross:- | Engulf:BUY | Signal:AUCUN
2026-03-08 15:07:39,282 [INFO] BTCUSD | Prix:67320.07 | SMA20:67166.11 SMA50:67240.37 | Trend:BEARISH | Cross:- | Engulf:BUY | Signal:AUCUN
2026-03-08 15:08:09,286 [INFO] BTCUSD | Prix:67239.99 | SMA20:67166.11 SMA50:67240.37 | Trend:BEARISH | Cross:- | Engulf:BUY | Signal:AUCUN
2026-03-08 15:08:39,290 [INFO] BTCUSD | Prix:67245.84 | SMA20:67166.11 SMA50:67240.37 | Trend:BEARISH | Cross:- | Engulf:BUY | Signal:AUCUN
2026-03-08 15:09:09,293 [INFO] BTCUSD | Prix:67256.09 | SMA20:67166.11 SMA50:67240.37 | Trend:BEARISH | Cross:- | Engulf:BUY | Signal:AUCUN
