2026-03-08 15:09:29,265 [INFO] =================================================================
2026-03-08 15:09:29,265 [INFO] BOT 3 | SMA20/50 + Engulfing + SL/TP Dynamiques (Swing)
2026-03-08 15:09:29,265 [INFO] =================================================================
2026-03-08 15:09:29,350 [INFO] Connecte | 24341433 | Balance: 1069.63 USD
2026-03-08 15:09:29,351 [INFO] Risk/Trade: $100 | RR minimum: 1.5
2026-03-08 15:09:29,354 [INFO] BTCUSD | Prix:67278.97 | SMA20:67166.11 SMA50:67240.44 | Trend:BEARISH Cross:- Engulf:BUY | Signal:AUCUN
2026-03-08 15:09:59,360 [INFO] BTCUSD | Prix:67288.87 | SMA20:67166.11 SMA50:67240.44 | Trend:BEARISH Cross:- Engulf:BUY | Signal:AUCUN
2026-03-08 15:10:29,365 [INFO] BTCUSD | Prix:67293.14 | SMA20:67166.11 SMA50:67240.44 | Trend:BEARISH Cross:- Engulf:BUY | Signal:AUCUN
2026-03-08 15:10:59,379 [INFO] BTCUSD | Prix:67298.52 | SMA20:67166.11 SMA50:67240.44 | Trend:BEARISH Cross:- Engulf:BUY | Signal:AUCUN
2026-03-08 15:11:29,384 [INFO] BTCUSD | Prix:67291.37 | SMA20:67166.11 SMA50:67240.44 | Trend:BEARISH Cross:- Engulf:BUY | Signal:AUCUN
2026-03-08 15:11:59,388 [INFO] BTCUSD | Prix:67289.39 | SMA20:67166.11 SMA50:67240.44 | Trend:BEARISH Cross:- Engulf:BUY | Signal:AUCUN
2026-03-08 15:12:29,395 [INFO] BTCUSD | Prix:67302.55 | SMA20:67166.11 SMA50:67240.44 | Trend:BEARISH Cross:- Engulf:BUY | Signal:AUCUN
2026-03-08 15:12:59,399 [INFO] BTCUSD | Prix:67303.68 | SMA20:67166.11 SMA50:67240.44 | Trend:BEARISH Cross:- Engulf:BUY | Signal:AUCUN
2026-03-08 15:13:29,403 [INFO] BTCUSD | Prix:67314.69 | SMA20:67166.11 SMA50:67240.44 | Trend:BEARISH Cross:- Engulf:BUY | Signal:AUCUN
2026-03-08 15:13:59,410 [INFO] BTCUSD | Prix:67291.79 | SMA20:67166.11 SMA50:67240.44 | Trend:BEARISH Cross:- Engulf:BUY | Signal:AUCUN
2026-03-08 15:14:29,416 [INFO] BTCUSD | Prix:67280.07 | SMA20:67166.11 SMA50:67240.44 | Trend:BEARISH Cross:- Engulf:BUY | Signal:AUCUN
2026-03-08 15:14:59,422 [INFO] BTCUSD | Prix:67296.23 | SMA20:67166.11 SMA50:67240.44 | Trend:BEARISH Cross:- Engulf:BUY | Signal:AUCUN
2026-03-08 15:15:29,426 [INFO] BTCUSD | Prix:67312.99 | SMA20:67175.86 SMA50:67236.23 | Trend:BEARISH Cross:- Engulf:- | Signal:AUCUN
2026-03-08 15:15:59,432 [INFO] BTCUSD | Prix:67353.18 | SMA20:67175.86 SMA50:67236.23 | Trend:BEARISH Cross:- Engulf:- | Signal:AUCUN
2026-03-08 15:16:29,438 [INFO] BTCUSD | Prix:67375.09 | SMA20:67175.86 SMA50:67236.23 | Trend:BEARISH Cross:- Engulf:- | Signal:AUCUN
2026-03-08 15:16:59,442 [INFO] BTCUSD | Prix:67385.27 | SMA20:67175.86 SMA50:67236.23 | Trend:BEARISH Cross:- Engulf:- | Signal:AUCUN
2026-03-08 15:17:29,445 [INFO] BTCUSD | Prix:67309.23 | SMA20:67175.86 SMA50:67236.23 | Trend:BEARISH Cross:- Engulf:- | Signal:AUCUN
2026-03-08 15:17:59,448 [INFO] BTCUSD | Prix:67343.93 | SMA20:67175.86 SMA50:67236.23 | Trend:BEARISH Cross:- Engulf:- | Signal:AUCUN
2026-03-08 15:18:29,453 [INFO] BTCUSD | Prix:67331.23 | SMA20:67175.86 SMA50:67236.23 | Trend:BEARISH Cross:- Engulf:- | Signal:AUCUN
2026-03-08 15:18:59,457 [INFO] BTCUSD | Prix:67323.33 | SMA20:67175.86 SMA50:67236.23 | Trend:BEARISH Cross:- Engulf:- | Signal:AUCUN
2026-03-08 15:19:29,462 [INFO] BTCUSD | Prix:67366.48 | SMA20:67175.86 SMA50:67236.23 | Trend:BEARISH Cross:- Engulf:- | Signal:AUCUN
2026-03-08 15:19:59,467 [INFO] BTCUSD | Prix:67375.82 | SMA20:67175.86 SMA50:67236.23 | Trend:BEARISH Cross:- Engulf:- | Signal:AUCUN
2026-03-08 15:20:29,471 [INFO] BTCUSD | Prix:67357.81 | SMA20:67175.86 SMA50:67236.23 | Trend:BEARISH Cross:- Engulf:- | Signal:AUCUN
2026-03-08 15:20:59,476 [INFO] BTCUSD | Prix:67321.75 | SMA20:67175.86 SMA50:67236.23 | Trend:BEARISH Cross:- Engulf:- | Signal:AUCUN
2026-03-08 15:21:29,484 [INFO] BTCUSD | Prix:67331.34 | SMA20:67175.86 SMA50:67236.23 | Trend:BEARISH Cross:- Engulf:- | Signal:AUCUN
2026-03-08 15:21:59,489 [INFO] BTCUSD | Prix:67379.88 | SMA20:67175.86 SMA50:67236.23 | Trend:BEARISH Cross:- Engulf:- | Signal:AUCUN
2026-03-08 15:22:29,492 [INFO] BTCUSD | Prix:67371.85 | SMA20:67175.86 SMA50:67236.23 | Trend:BEARISH Cross:- Engulf:- | Signal:AUCUN
2026-03-08 15:22:59,498 [INFO] BTCUSD | Prix:67369.02 | SMA20:67175.86 SMA50:67236.23 | Trend:BEARISH Cross:- Engulf:- | Signal:AUCUN
2026-03-08 15:23:29,501 [INFO] BTCUSD | Prix:67356.28 | SMA20:67175.86 SMA50:67236.23 | Trend:BEARISH Cross:- Engulf:- | Signal:AUCUN
2026-03-08 15:23:59,506 [INFO] BTCUSD | Prix:67330.50 | SMA20:67175.86 SMA50:67236.23 | Trend:BEARISH Cross:- Engulf:- | Signal:AUCUN
2026-03-08 15:24:29,509 [INFO] BTCUSD | Prix:67337.95 | SMA20:67175.86 SMA50:67236.23 | Trend:BEARISH Cross:- Engulf:- | Signal:AUCUN
2026-03-08 15:24:59,514 [INFO] BTCUSD | Prix:67382.20 | SMA20:67175.86 SMA50:67236.23 | Trend:BEARISH Cross:- Engulf:- | Signal:AUCUN
2026-03-08 15:25:29,520 [INFO] BTCUSD | Prix:67398.25 | SMA20:67175.86 SMA50:67236.23 | Trend:BEARISH Cross:- Engulf:- | Signal:AUCUN
2026-03-08 15:25:59,523 [INFO] BTCUSD | Prix:67363.10 | SMA20:67175.86 SMA50:67236.23 | Trend:BEARISH Cross:- Engulf:- | Signal:AUCUN
2026-03-08 15:26:29,528 [INFO] BTCUSD | Prix:67330.16 | SMA20:67175.86 SMA50:67236.23 | Trend:BEARISH Cross:- Engulf:- | Signal:AUCUN
2026-03-08 15:26:59,533 [INFO] BTCUSD | Prix:67317.57 | SMA20:67175.86 SMA50:67236.23 | Trend:BEARISH Cross:- Engulf:- | Signal:AUCUN
2026-03-08 15:27:29,540 [INFO] BTCUSD | Prix:67278.92 | SMA20:67175.86 SMA50:67236.23 | Trend:BEARISH Cross:- Engulf:- | Signal:AUCUN
2026-03-08 15:27:59,543 [INFO] BTCUSD | Prix:67289.93 | SMA20:67175.86 SMA50:67236.23 | Trend:BEARISH Cross:- Engulf:- | Signal:AUCUN
2026-03-08 15:28:29,550 [INFO] BTCUSD | Prix:67240.74 | SMA20:67175.86 SMA50:67236.23 | Trend:BEARISH Cross:- Engulf:- | Signal:AUCUN
2026-03-08 15:28:59,556 [INFO] BTCUSD | Prix:67242.47 | SMA20:67175.86 SMA50:67236.23 | Trend:BEARISH Cross:- Engulf:- | Signal:AUCUN
2026-03-08 15:29:29,560 [INFO] BTCUSD | Prix:67262.85 | SMA20:67175.86 SMA50:67236.23 | Trend:BEARISH Cross:- Engulf:- | Signal:AUCUN
2026-03-08 15:29:59,566 [INFO] BTCUSD | Prix:67252.26 | SMA20:67175.86 SMA50:67236.23 | Trend:BEARISH Cross:- Engulf:- | Signal:AUCUN
2026-03-08 15:30:29,574 [INFO] BTCUSD | Prix:67267.69 | SMA20:67185.24 SMA50:67232.06 | Trend:BEARISH Cross:- Engulf:- | Signal:AUCUN
2026-03-08 15:30:59,577 [INFO] BTCUSD | Prix:67275.63 | SMA20:67185.24 SMA50:67232.06 | Trend:BEARISH Cross:- Engulf:- | Signal:AUCUN
2026-03-08 15:31:29,583 [INFO] BTCUSD | Prix:67273.02 | SMA20:67185.24 SMA50:67232.06 | Trend:BEARISH Cross:- Engulf:- | Signal:AUCUN
2026-03-08 15:31:59,589 [INFO] BTCUSD | Prix:67273.37 | SMA20:67185.24 SMA50:67232.06 | Trend:BEARISH Cross:- Engulf:- | Signal:AUCUN
2026-03-08 15:32:29,593 [INFO] BTCUSD | Prix:67324.23 | SMA20:67185.24 SMA50:67232.06 | Trend:BEARISH Cross:- Engulf:- | Signal:AUCUN
2026-03-08 15:32:59,596 [INFO] BTCUSD | Prix:67337.36 | SMA20:67185.24 SMA50:67232.06 | Trend:BEARISH Cross:- Engulf:- | Signal:AUCUN
2026-03-08 15:33:29,600 [INFO] BTCUSD | Prix:67344.44 | SMA20:67185.24 SMA50:67232.06 | Trend:BEARISH Cross:- Engulf:- | Signal:AUCUN
2026-03-08 15:33:59,606 [INFO] BTCUSD | Prix:67326.44 | SMA20:67185.24 SMA50:67232.06 | Trend:BEARISH Cross:- Engulf:- | Signal:AUCUN
2026-03-08 15:34:29,608 [INFO] BTCUSD | Prix:67324.96 | SMA20:67185.24 SMA50:67232.06 | Trend:BEARISH Cross:- Engulf:- | Signal:AUCUN
2026-03-08 15:34:59,615 [INFO] BTCUSD | Prix:67241.75 | SMA20:67185.24 SMA50:67232.06 | Trend:BEARISH Cross:- Engulf:- | Signal:AUCUN
2026-03-08 15:35:29,623 [INFO] BTCUSD | Prix:67240.01 | SMA20:67185.24 SMA50:67232.06 | Trend:BEARISH Cross:- Engulf:- | Signal:AUCUN
2026-03-08 15:35:59,627 [INFO] BTCUSD | Prix:67242.30 | SMA20:67185.24 SMA50:67232.06 | Trend:BEARISH Cross:- Engulf:- | Signal:AUCUN
2026-03-08 15:36:29,632 [INFO] BTCUSD | Prix:67267.63 | SMA20:67185.24 SMA50:67232.06 | Trend:BEARISH Cross:- Engulf:- | Signal:AUCUN
2026-03-08 15:36:59,635 [INFO] BTCUSD | Prix:67271.02 | SMA20:67185.24 SMA50:67232.06 | Trend:BEARISH Cross:- Engulf:- | Signal:AUCUN
2026-03-08 15:37:29,643 [INFO] BTCUSD | Prix:67270.01 | SMA20:67185.24 SMA50:67232.06 | Trend:BEARISH Cross:- Engulf:- | Signal:AUCUN
2026-03-08 15:37:59,646 [INFO] BTCUSD | Prix:67236.59 | SMA20:67185.24 SMA50:67232.06 | Trend:BEARISH Cross:- Engulf:- | Signal:AUCUN
2026-03-08 15:38:29,653 [INFO] BTCUSD | Prix:67261.99 | SMA20:67185.24 SMA50:67232.06 | Trend:BEARISH Cross:- Engulf:- | Signal:AUCUN
2026-03-08 15:38:59,657 [INFO] BTCUSD | Prix:67277.97 | SMA20:67185.24 SMA50:67232.06 | Trend:BEARISH Cross:- Engulf:- | Signal:AUCUN
2026-03-08 15:39:29,662 [INFO] BTCUSD | Prix:67296.90 | SMA20:67185.24 SMA50:67232.06 | Trend:BEARISH Cross:- Engulf:- | Signal:AUCUN
2026-03-08 15:39:59,666 [INFO] BTCUSD | Prix:67268.75 | SMA20:67185.24 SMA50:67232.06 | Trend:BEARISH Cross:- Engulf:- | Signal:AUCUN
2026-03-08 15:40:29,669 [INFO] BTCUSD | Prix:67251.00 | SMA20:67185.24 SMA50:67232.06 | Trend:BEARISH Cross:- Engulf:- | Signal:AUCUN
2026-03-08 15:40:59,676 [INFO] BTCUSD | Prix:67207.57 | SMA20:67185.24 SMA50:67232.06 | Trend:BEARISH Cross:- Engulf:- | Signal:AUCUN
2026-03-08 15:41:29,679 [INFO] BTCUSD | Prix:67175.42 | SMA20:67185.24 SMA50:67232.06 | Trend:BEARISH Cross:- Engulf:- | Signal:AUCUN
2026-03-08 15:41:59,681 [INFO] BTCUSD | Prix:67168.09 | SMA20:67185.24 SMA50:67232.06 | Trend:BEARISH Cross:- Engulf:- | Signal:AUCUN
2026-03-08 15:42:29,688 [INFO] BTCUSD | Prix:67083.88 | SMA20:67185.24 SMA50:67232.06 | Trend:BEARISH Cross:- Engulf:- | Signal:AUCUN
2026-03-08 15:42:59,691 [INFO] BTCUSD | Prix:67097.92 | SMA20:67185.24 SMA50:67232.06 | Trend:BEARISH Cross:- Engulf:- | Signal:AUCUN
2026-03-08 15:43:29,697 [INFO] BTCUSD | Prix:67058.75 | SMA20:67185.24 SMA50:67232.06 | Trend:BEARISH Cross:- Engulf:- | Signal:AUCUN
2026-03-08 15:43:59,703 [INFO] BTCUSD | Prix:67086.76 | SMA20:67185.24 SMA50:67232.06 | Trend:BEARISH Cross:- Engulf:- | Signal:AUCUN
2026-03-08 15:44:29,705 [INFO] BTCUSD | Prix:67071.71 | SMA20:67185.24 SMA50:67232.06 | Trend:BEARISH Cross:- Engulf:- | Signal:AUCUN
2026-03-08 15:44:59,715 [INFO] BTCUSD | Prix:67120.00 | SMA20:67185.24 SMA50:67232.06 | Trend:BEARISH Cross:- Engulf:- | Signal:AUCUN
2026-03-08 15:45:29,719 [INFO] BTCUSD | Prix:67097.39 | SMA20:67193.09 SMA50:67227.91 | Trend:BEARISH Cross:- Engulf:- | Signal:AUCUN
2026-03-08 15:45:59,727 [INFO] BTCUSD | Prix:67044.48 | SMA20:67193.09 SMA50:67227.91 | Trend:BEARISH Cross:- Engulf:- | Signal:AUCUN
2026-03-08 15:46:29,734 [INFO] BTCUSD | Prix:67095.47 | SMA20:67193.09 SMA50:67227.91 | Trend:BEARISH Cross:- Engulf:- | Signal:AUCUN
2026-03-08 15:46:59,738 [INFO] BTCUSD | Prix:67100.68 | SMA20:67193.09 SMA50:67227.91 | Trend:BEARISH Cross:- Engulf:- | Signal:AUCUN
2026-03-08 15:47:29,745 [INFO] BTCUSD | Prix:67107.20 | SMA20:67193.09 SMA50:67227.91 | Trend:BEARISH Cross:- Engulf:- | Signal:AUCUN
2026-03-08 15:47:59,750 [INFO] BTCUSD | Prix:67128.28 | SMA20:67193.09 SMA50:67227.91 | Trend:BEARISH Cross:- Engulf:- | Signal:AUCUN
2026-03-08 15:48:29,756 [INFO] BTCUSD | Prix:67136.72 | SMA20:67193.09 SMA50:67227.91 | Trend:BEARISH Cross:- Engulf:- | Signal:AUCUN
